[debug] [2019-02-06T10:25:49.566Z] ----------------------------------------------------------------------
[debug] [2019-02-06T10:25:49.569Z] Command:       C:\Program Files\nodejs\node.exe C:\Users\seger\AppData\Roaming\npm\node_modules\firebase-tools\lib\bin\firebase.js deploy --only hosting
[debug] [2019-02-06T10:25:49.569Z] CLI Version:   6.3.1
[debug] [2019-02-06T10:25:49.569Z] Platform:      win32
[debug] [2019-02-06T10:25:49.569Z] Node Version:  v10.15.1
[debug] [2019-02-06T10:25:49.570Z] Time:          Wed Feb 06 2019 11:25:49 GMT+0100 (GMT+01:00)
[debug] [2019-02-06T10:25:49.571Z] ----------------------------------------------------------------------
[debug] 
[debug] [2019-02-06T10:25:49.583Z] > command requires scopes: ["email","openid","https://www.googleapis.com/auth/cloudplatformprojects.readonly","https://www.googleapis.com/auth/firebase","https://www.googleapis.com/auth/cloud-platform"]
[debug] [2019-02-06T10:25:49.584Z] > authorizing via signed-in user
[debug] [2019-02-06T10:25:49.584Z] [iam] checking project quickruntime for permissions ["firebase.projects.get","firebasehosting.sites.update"]
[debug] [2019-02-06T10:25:49.587Z] >>> HTTP REQUEST POST https://cloudresourcemanager.googleapis.com/v1/projects/quickruntime:testIamPermissions  

[debug] [2019-02-06T10:25:50.540Z] <<< HTTP RESPONSE 200
[debug] [2019-02-06T10:25:50.542Z] >>> HTTP REQUEST GET https://firebase.googleapis.com/v1beta1/projects/quickruntime  
 
[debug] [2019-02-06T10:25:50.752Z] <<< HTTP RESPONSE 200
[info] 
[info] === Deploying to 'quickruntime'...
[info] 
[info] i  deploying hosting
[debug] [2019-02-06T10:25:50.757Z] >>> HTTP REQUEST POST https://firebasehosting.googleapis.com/v1beta1/sites/quickruntime/versions  

[debug] [2019-02-06T10:25:51.930Z] <<< HTTP RESPONSE 500
[debug] [2019-02-06T10:25:51.931Z] <<< HTTP RESPONSE BODY
[error] 
[error] Error: HTTP Error: 500, Internal error encountered.
[debug] [2019-02-06T10:25:52.006Z] Error Context: {
  "body": {
    "error": {
      "code": 500,
      "message": "Internal error encountered.",
      "status": "INTERNAL"
    }
  },
  "response": {
    "statusCode": 500,
    "body": {
      "error": {
        "code": 500,
        "message": "Internal error encountered.",
        "status": "INTERNAL"
      }
    },
    "headers": {
      "vary": "X-Origin, Referer, Origin,Accept-Encoding",
      "content-type": "application/json; charset=UTF-8",
      "date": "Wed, 06 Feb 2019 10:25:53 GMT",
      "server": "ESF",
      "cache-control": "private",
      "x-xss-protection": "1; mode=block",
      "x-frame-options": "SAMEORIGIN",
      "x-content-type-options": "nosniff",
      "alt-svc": "quic=\":443\"; ma=2592000; v=\"44,43,39\"",
      "accept-ranges": "none",
      "transfer-encoding": "chunked"
    },
    "request": {
      "uri": {
        "protocol": "https:",
        "slashes": true,
        "auth": null,
        "host": "firebasehosting.googleapis.com",
        "port": 443,
        "hostname": "firebasehosting.googleapis.com",
        "hash": null,
        "search": null,
        "query": null,
        "pathname": "/v1beta1/sites/quickruntime/versions",
        "path": "/v1beta1/sites/quickruntime/versions",
        "href": "https://firebasehosting.googleapis.com/v1beta1/sites/quickruntime/versions"
      },
      "method": "POST"
    }
  }
}
